Arguments: 
  /usr/bin/nodejs /usr/bin/yarn install

PATH: 
  /home/tonho/bin:/home/tonho/.local/bin:/usr/local/sbin:/usr/local/bin:/usr/sbin:/usr/bin:/sbin:/bin:/usr/games:/usr/local/games

Yarn version: 
  0.27.5

Node version: 
  8.4.0

Platform: 
  linux x64

npm manifest: 
  {
    "name": "cade-armas",
    "version": "1.0.0",
    "private": true,
    "scripts": {
      "start": "node ./config/www"
    },
    "dependencies": {
      "body-parser": "^1.15.2",
      "consign": "^0.1.2",
      "cookie-parser": "^1.4.3",
      "debug": "^2.2.0",
      "ejs": "latest",
      "express": "^4.14.1",
      "express-validator": "^3.1.2",
      "morgan": "^1.7.0",
      "mysql": "^2.13.0",
      "serve-favicon": "^2.3.2"
    }
  }

yarn manifest: 
  No manifest

Lockfile: 
  No lockfile

Trace: 
  Error: https://registry.yarnpkg.com/express: ETIMEDOUT
      at Timeout._onTimeout (/usr/lib/node_modules/yarn/node_modules/request/request.js:852:19)
      at ontimeout (timers.js:469:11)
      at tryOnTimeout (timers.js:304:5)
      at Timer.listOnTimeout (timers.js:264:5)
